android/app/build/outputs/mapping/release/seeds.txt
com.rn_app_teacher.MainActivity
com.rn_app_teacher.MainActivity: MainActivity()
com.rn_app_teacher.MainApplication
com.rn_app_teacher.MainApplication: MainApplication()
com.rn_app_teacher.R$anim: int abc_fade_in
com.rn_app_teacher.R$anim: int abc_fade_out
com.rn_app_teacher.R$anim: int abc_grow_fade_in_from_bottom
com.rn_app_teacher.R$anim: int abc_popup_enter
com.rn_app_teacher.R$anim: int abc_popup_exit
com.rn_app_teacher.R$anim: int abc_shrink_fade_out_from_bottom
com.rn_app_teacher.R$anim: int abc_slide_in_bottom
com.rn_app_teacher.R$anim: int abc_slide_in_top
com.rn_app_teacher.R$anim: int abc_slide_out_bottom
com.rn_app_teacher.R$anim: int abc_slide_out_top
com.rn_app_teacher.R$anim: int abc_tooltip_enter
com.rn_app_teacher.R$anim: int abc_tooltip_exit
com.rn_app_teacher.R$anim: int catalyst_fade_in
com.rn_app_teacher.R$anim: int catalyst_fade_out
com.rn_app_teacher.R$anim: int catalyst_push_up_in
com.rn_app_teacher.R$anim: int catalyst_push_up_out
com.rn_app_teacher.R$anim: int catalyst_slide_down
com.rn_app_teacher.R$anim: int catalyst_slide_up
com.rn_app_teacher.R$attr: int actionBarDivider
com.rn_app_teacher.R$attr: int actionBarItemBackground
com.rn_app_teacher.R$attr: int actionBarPopupTheme
com.rn_app_teacher.R$attr: int actionBarSize
com.rn_app_teacher.R$attr: int actionBarSplitStyle
com.rn_app_teacher.R$attr: int actionBarStyle
com.rn_app_teacher.R$attr: int actionBarTabBarStyle
com.rn_app_teacher.R$attr: int actionBarTabStyle
com.rn_app_teacher.R$attr: int actionBarTabTextStyle
com.rn_app_teacher.R$attr: int actionBarTheme
com.rn_app_teacher.R$attr: int actionBarWidgetTheme
com.rn_app_teacher.R$attr: int actionButtonStyle
com.rn_app_teacher.R$attr: int actionDropDownStyle
com.rn_app_teacher.R$attr: int actionLayout
com.rn_app_teacher.R$attr: int actionMenuTextAppearance
com.rn_app_teacher.R$attr: int actionMenuTextColor
com.rn_app_teacher.R$attr: int actionModeBackground
com.rn_app_teacher.R$attr: int actionModeCloseButtonStyle
com.rn_app_teacher.R$attr: int actionModeCloseDrawable
com.rn_app_teacher.R$attr: int actionModeCopyDrawable
com.rn_app_teacher.R$attr: int actionModeCutDrawable
com.rn_app_teacher.R$attr: int actionModeFindDrawable
com.rn_app_teacher.R$attr: int actionModePasteDrawable
com.rn_app_teacher.R$attr: int actionModePopupWindowStyle
com.rn_app_teacher.R$attr: int actionModeSelectAllDrawable
com.rn_app_teacher.R$attr: int actionModeShareDrawable
com.rn_app_teacher.R$attr: int actionModeSplitBackground
com.rn_app_teacher.R$attr: int actionModeStyle
com.rn_app_teacher.R$bool: int abc_action_bar_embed_tabs
com.rn_app_teacher.R$bool: int abc_allow_stacked_button_bar
com.rn_app_teacher.R$bool: int abc_config_actionMenuItemAllCaps
com.rn_app_teacher.R$bool: int abc_config_showMenuShortcutsWhenKeyboardPresent
...
com.facebook.react.views.scroll.ScrollEventType: com.facebook.react.views.scroll.ScrollEventType[] values()
com.facebook.react.views.scroll.ScrollEventType: com.facebook.react.views.scroll.ScrollEventType valueOf(java.lang.String)
com.facebook.react.views.slider.ReactSlider: void setMaxValue(double)
com.facebook.react.views.slider.ReactSlider: void setMinValue(double)
com.facebook.react.views.slider.ReactSlider: void setValue(double)
com.facebook.react.views.slider.ReactSlider: void setStep(double)
com.facebook.react.views.slider.ReactSlider: int getTotalSteps()
com.facebook.react.views.slider.ReactSlider: double getStepValue()
com.facebook.react.views.slider.ReactSliderManager
com.facebook.react.views.slider.ReactSliderManager: int STYLE
com.facebook.react.views.slider.ReactSliderManager: java.lang.String REACT_CLASS
com.facebook.react.views.slider.ReactSliderManager: android.widget.SeekBar$OnSeekBarChangeListener ON_CHANGE_LISTENER
com.facebook.react.views.slider.ReactSliderManager: ReactSliderManager()
com.facebook.react.views.slider.ReactSliderManager: java.lang.String getName()
com.facebook.react.views.slider.ReactSliderManager: com.facebook.react.uimanager.LayoutShadowNode createShadowNodeInstance()
com.facebook.react.views.slider.ReactSliderManager: java.lang.Class getShadowNodeClass()
com.facebook.react.views.slider.ReactSliderManager: com.facebook.react.views.slider.ReactSlider createViewInstance(com.facebook.react.uimanager.ThemedReactContext)
com.facebook.react.views.slider.ReactSliderManager: void setEnabled(com.facebook.react.views.slider.ReactSlider,boolean)
com.facebook.react.views.slider.ReactSliderManager: void setValue(com.facebook.react.views.slider.ReactSlider,double)
com.facebook.react.views.slider.ReactSliderManager: void setMinimumValue(com.facebook.react.views.slider.ReactSlider,double)
com.facebook.react.views.slider.ReactSliderManager: void setMaximumValue(com.facebook.react.views.slider.ReactSlider,double)
com.facebook.react.views.slider.ReactSliderManager: void setStep(com.facebook.react.views.slider.ReactSlider,double)
com.facebook.react.views.swiperefresh.ReactSwipeRefreshLayout: void setRefreshing(boolean)
com.facebook.react.views.swiperefresh.ReactSwipeRefreshLayout: void setProgressViewOffset(float)
com.facebook.react.views.swiperefresh.SwipeRefreshLayoutManager
com.facebook.react.views.swiperefresh.SwipeRefreshLayoutManager: java.lang.String REACT_CLASS
com.facebook.react.views.swiperefresh.SwipeRefreshLayoutManager: SwipeRefreshLayoutManager()
com.facebook.react.views.swiperefresh.SwipeRefreshLayoutManager: com.facebook.react.views.swiperefresh.ReactSwipeRefreshLayout createViewInstance(com.facebook.react.uimanager.ThemedReactContext)
com.facebook.react.views.swiperefresh.SwipeRefreshLayoutManager: java.lang.String getName()
com.facebook.react.views.swiperefresh.SwipeRefreshLayoutManager: void setEnabled(com.facebook.react.views.swiperefresh.ReactSwipeRefreshLayout,boolean)
com.facebook.react.views.swiperefresh.SwipeRefreshLayoutManager: void setColors(com.facebook.react.views.swiperefresh.ReactSwipeRefreshLayout,com.facebook.react.bridge.ReadableArray)
com.facebook.react.views.swiperefresh.SwipeRefreshLayoutManager: void setProgressBackgroundColor(com.facebook.react.views.swiperefresh.ReactSwipeRefreshLayout,int)
com.facebook.react.views.swiperefresh.SwipeRefreshLayoutManager: void setSize(com.facebook.react.views.swiperefresh.ReactSwipeRefreshLayout,int)
com.facebook.react.views.swiperefresh.SwipeRefreshLayoutManager: void setRefreshing(com.facebook.react.views.swiperefresh.ReactSwipeRefreshLayout,boolean)
com.facebook.react.views.swiperefresh.SwipeRefreshLayoutManager: void setProgressViewOffset(com.facebook.react.views.swiperefresh.ReactSwipeRefreshLayout,float)