android/app/build/outputs/mapping/release/mapping.txt
com.rn_app_teacher.MainActivity -> com.rn_app_teacher.MainActivity:
    void <init>() -> <init>
    java.lang.String getMainComponentName() -> a
com.rn_app_teacher.MainApplication -> com.rn_app_teacher.MainApplication:
    com.facebook.react.ReactNativeHost mReactNativeHost -> a
    void <init>() -> <init>
    com.facebook.react.ReactNativeHost getReactNativeHost() -> a
    void onCreate() -> onCreate
com.rn_app_teacher.MainApplication$1 -> com.rn_app_teacher.MainApplication$1:
    com.rn_app_teacher.MainApplication this$0 -> a
    void <init>(com.rn_app_teacher.MainApplication,android.app.Application) -> <init>
    boolean getUseDeveloperSupport() -> j
    java.util.List getPackages() -> k
    java.lang.String getJSMainModuleName() -> g
...
android.support.v7.widget.MenuPopupWindow -> android.support.v7.widget.ad:
    java.lang.reflect.Method sSetTouchModalMethod -> a
    android.support.v7.widget.MenuItemHoverListener mHoverListener -> b
    void <init>(android.content.Context,android.util.AttributeSet,int,int) -> <init>
    android.support.v7.widget.DropDownListView createDropDownListView(android.content.Context,boolean) -> a
    void setEnterTransition(java.lang.Object) -> a
    void setExitTransition(java.lang.Object) -> b
    void setHoverListener(android.support.v7.widget.MenuItemHoverListener) -> a
    void setTouchModal(boolean) -> c
    void onItemHoverEnter(android.support.v7.view.menu.MenuBuilder,android.view.MenuItem) -> b
    void onItemHoverExit(android.support.v7.view.menu.MenuBuilder,android.view.MenuItem) -> a
    void <clinit>() -> <clinit>
android.support.v7.widget.MenuPopupWindow$MenuDropDownListView -> android.support.v7.widget.ad$a:
    int mAdvanceKey -> a
    int mRetreatKey -> b
    android.support.v7.widget.MenuItemHoverListener mHoverListener -> c
    android.view.MenuItem mHoveredMenuItem -> d
    void <init>(android.content.Context,boolean) -> <init>
    void setHoverListener(android.support.v7.widget.MenuItemHoverListener) -> setHoverListener
    boolean onKeyDown(int,android.view.KeyEvent) -> onKeyDown
    boolean onHoverEvent(android.view.MotionEvent) -> onHoverEvent
    boolean onForwardedEvent(android.view.MotionEvent,int) -> a
    int measureHeightOfChildrenCompat(int,int,int,int,int) -> a
    boolean onTouchEvent(android.view.MotionEvent) -> onTouchEvent
    void setSelector(android.graphics.drawable.Drawable) -> setSelector
    boolean hasFocus() -> hasFocus
    boolean isFocused() -> isFocused
    boolean hasWindowFocus() -> hasWindowFocus
    boolean isInTouchMode() -> isInTouchMode
android.support.v7.widget.ResourcesWrapper -> android.support.v7.widget.ae:
    android.content.res.Resources mResources -> a
    void <init>(android.content.res.Resources) -> <init>
    java.lang.CharSequence getText(int) -> getText
    java.lang.CharSequence getQuantityText(int,int) -> getQuantityText
    java.lang.String getString(int) -> getString
    java.lang.String getString(int,java.lang.Object[]) -> getString
    java.lang.String getQuantityString(int,int,java.lang.Object[]) -> getQuantityString
    java.lang.String getQuantityString(int,int) -> getQuantityString
    java.lang.CharSequence getText(int,java.lang.CharSequence) -> getText
    java.lang.CharSequence[] getTextArray(int) -> getTextArray
    java.lang.String[] getStringArray(int) -> getStringArray
    int[] getIntArray(int) -> getIntArray
    android.content.res.TypedArray obtainTypedArray(int) -> obtainTypedArray
    float getDimension(int) -> getDimension
    int getDimensionPixelOffset(int) -> getDimensionPixelOffset
    int getDimensionPixelSize(int) -> getDimensionPixelSize
    float getFraction(int,int,int) -> getFraction
    android.graphics.drawable.Drawable getDrawable(int) -> getDrawable
    android.graphics.drawable.Drawable getDrawable(int,android.content.res.Resources$Theme) -> getDrawable
    android.graphics.drawable.Drawable getDrawableForDensity(int,int) -> getDrawableForDensity
android.support.v7.widget.RtlSpacingHelper -> android.support.v7.widget.af:
    int mLeft -> a
    int mRight -> b
    int mStart -> c
    int mEnd -> d
    int mExplicitLeft -> e
    int mExplicitRight -> f
    boolean mIsRtl -> g
    boolean mIsRelative -> h
    void <init>() -> <init>
    int getLeft() -> a
    int getRight() -> b
    int getStart() -> c
    int getEnd() -> d
    void setRelative(int,int) -> a
    void setAbsolute(int,int) -> b
    void setDirection(boolean) -> a