android/app/build/outputs/mapping/release/usage.txt
com.rn_app_teacher.BuildConfig
com.rn_app_teacher.R
com.rn_app_teacher.R$anim
com.rn_app_teacher.R$attr
com.rn_app_teacher.R$bool
com.rn_app_teacher.R$color
com.rn_app_teacher.R$dimen
com.rn_app_teacher.R$drawable
com.rn_app_teacher.R$id
com.rn_app_teacher.R$integer
com.rn_app_teacher.R$layout
com.rn_app_teacher.R$mipmap
com.rn_app_teacher.R$string
com.rn_app_teacher.R$style
com.rn_app_teacher.R$styleable
com.rn_app_teacher.R$xml
...
android.support.v4.hardware.display.DisplayManagerCompat$DisplayManagerCompatApi17Impl
android.support.v4.hardware.fingerprint.FingerprintManagerCompat
android.support.v4.hardware.fingerprint.FingerprintManagerCompat$1
android.support.v4.hardware.fingerprint.FingerprintManagerCompat$AuthenticationCallback
android.support.v4.hardware.fingerprint.FingerprintManagerCompat$AuthenticationResult
android.support.v4.hardware.fingerprint.FingerprintManagerCompat$CryptoObject
android.support.v4.internal.package-info
android.support.v4.internal.view.SupportMenu:
    public static final int USER_MASK
    public static final int USER_SHIFT
    public static final int CATEGORY_MASK
    public static final int CATEGORY_SHIFT
    public static final int SUPPORTED_MODIFIERS_MASK
    public static final int FLAG_KEEP_OPEN_ON_SUBMENU_OPENED
android.support.v4.internal.view.SupportMenuItem:
    public static final int SHOW_AS_ACTION_NEVER
    public static final int SHOW_AS_ACTION_IF_ROOM
    public static final int SHOW_AS_ACTION_ALWAYS
    public static final int SHOW_AS_ACTION_WITH_TEXT
    public static final int SHOW_AS_ACTION_COLLAPSE_ACTION_VIEW
android.support.v4.math.MathUtils
android.support.v4.net.ConnectivityManagerCompat:
    public static final int RESTRICT_BACKGROUND_STATUS_DISABLED
    public static final int RESTRICT_BACKGROUND_STATUS_WHITELISTED
    public static final int RESTRICT_BACKGROUND_STATUS_ENABLED
    137:141:public static android.net.NetworkInfo getNetworkInfoFromBroadcast(android.net.ConnectivityManager,android.content.Intent)
    155:158:public static int getRestrictBackgroundStatus(android.net.ConnectivityManager)
    162:162:private ConnectivityManagerCompat()
android.support.v4.net.ConnectivityManagerCompat$RestrictBackgroundStatus
android.support.v4.net.DatagramSocketWrapper
android.support.v4.net.DatagramSocketWrapper$DatagramSocketImplWrapper
android.support.v4.net.TrafficStatsCompat
android.support.v4.os.BuildCompat:
    26:27:private BuildCompat()
    39:39:public static boolean isAtLeastN()
    52:52:public static boolean isAtLeastNMR1()
    65:65:public static boolean isAtLeastO()
    91:91:public static boolean isAtLeastP()
android.support.v4.os.CancellationSignal
android.support.v4.os.CancellationSignal$OnCancelListener
android.support.v4.os.ConfigurationCompat
android.support.v4.os.EnvironmentCompat
android.support.v4.os.IResultReceiver
android.support.v4.os.IResultReceiver$Stub
android.support.v4.os.IResultReceiver$Stub$Proxy
android.support.v4.os.LocaleHelper
android.support.v4.os.LocaleListCompat
android.support.v4.os.LocaleListCompat$LocaleListCompatApi24Impl
android.support.v4.os.LocaleListCompat$LocaleListCompatBaseImpl
android.support.v4.os.LocaleListHelper
android.support.v4.os.LocaleListInterface
android.support.v4.os.OperationCanceledException
android.support.v4.os.ParcelableCompat
android.support.v4.os.ParcelableCompat$ParcelableCompatCreatorHoneycombMR2
android.support.v4.os.ParcelableCompatCreatorCallbacks
android.support.v4.os.ResultReceiver
android.support.v4.os.ResultReceiver$1
android.support.v4.os.ResultReceiver$MyResultReceiver
android.support.v4.os.ResultReceiver$MyRunnable
android.support.v4.os.TraceCompat
android.support.v4.os.UserManagerCompat
android.support.v4.print.PrintHelper
android.support.v4.print.PrintHelper$1
android.support.v4.print.PrintHelper$ColorMode
android.support.v4.print.PrintHelper$OnPrintFinishCallback
android.support.v4.print.PrintHelper$Orientation
android.support.v4.print.PrintHelper$PrintHelperApi19
android.support.v4.print.PrintHelper$PrintHelperApi19$1
android.support.v4.print.PrintHelper$PrintHelperApi19$2
android.support.v4.print.PrintHelper$PrintHelperApi19$3
android.support.v4.print.PrintHelper$PrintHelperApi19$3$1
android.support.v4.print.PrintHelper$PrintHelperApi19$3$1$1
android.support.v4.print.PrintHelper$PrintHelperApi20
android.support.v4.print.PrintHelper$PrintHelperApi23
android.support.v4.print.PrintHelper$PrintHelperApi24